0 info it worked if it ends with ok
1 verbose cli [ 'node', '/usr/local/bin/npm', 'install', '-g', 'nodemon' ]
2 info using npm@2.1.4
3 info using node@v0.10.32
4 silly cache add args [ 'nodemon', null ]
5 verbose cache add spec nodemon
6 silly cache add parsed spec { raw: 'nodemon',
6 silly cache add   scope: null,
6 silly cache add   name: 'nodemon',
6 silly cache add   rawSpec: '',
6 silly cache add   spec: '*',
6 silly cache add   type: 'range' }
7 verbose addNamed nodemon@*
8 silly addNamed semver.valid null
9 silly addNamed semver.validRange *
10 silly addNameRange { name: 'nodemon', range: '*', hasData: false }
11 verbose mapToRegistry name nodemon
12 verbose mapToRegistry uri https://registry.npmjs.org/nodemon
13 verbose addNameRange registry:https://registry.npmjs.org/nodemon not in flight; fetching
14 verbose request on initialization, where is /nodemon
15 verbose request after pass 1, where is /nodemon
16 verbose request url raw /nodemon
17 verbose request resolving registry [ 'https://registry.npmjs.org/', './nodemon' ]
18 verbose request after pass 2, where is https://registry.npmjs.org/nodemon
19 verbose request no auth needed
20 info attempt registry request try #1 at 21:36:17
21 verbose request id 96e539b022081df9
22 verbose etag "BRJ33D8XD4O4J99HPNYPQBLMZ"
23 http request GET https://registry.npmjs.org/nodemon
24 http 304 https://registry.npmjs.org/nodemon
25 silly registry.get cb [ 304,
25 silly registry.get   { date: 'Thu, 28 May 2015 19:36:17 GMT',
25 silly registry.get     via: '1.1 varnish',
25 silly registry.get     'cache-control': 'max-age=60',
25 silly registry.get     etag: '"BRJ33D8XD4O4J99HPNYPQBLMZ"',
25 silly registry.get     age: '15',
25 silly registry.get     connection: 'keep-alive',
25 silly registry.get     'x-served-by': 'cache-lcy1122-LCY',
25 silly registry.get     'x-cache': 'HIT',
25 silly registry.get     'x-cache-hits': '1',
25 silly registry.get     'x-timer': 'S1432841777.479090,VS0,VE1',
25 silly registry.get     vary: 'Accept' } ]
26 verbose etag https://registry.npmjs.org/nodemon from cache
27 silly addNameRange number 2 { name: 'nodemon', range: '*', hasData: true }
28 silly addNameRange versions [ 'nodemon',
28 silly addNameRange   [ '0.1.4',
28 silly addNameRange     '0.1.5',
28 silly addNameRange     '0.1.6',
28 silly addNameRange     '0.1.7',
28 silly addNameRange     '0.1.8',
28 silly addNameRange     '0.2.0',
28 silly addNameRange     '0.2.1',
28 silly addNameRange     '0.2.2',
28 silly addNameRange     '0.3.0',
28 silly addNameRange     '0.3.1',
28 silly addNameRange     '0.3.2',
28 silly addNameRange     '0.4.0',
28 silly addNameRange     '0.4.1',
28 silly addNameRange     '0.5.0',
28 silly addNameRange     '0.5.1',
28 silly addNameRange     '0.5.2',
28 silly addNameRange     '0.5.3',
28 silly addNameRange     '0.5.4',
28 silly addNameRange     '0.5.5',
28 silly addNameRange     '0.5.6',
28 silly addNameRange     '0.5.7',
28 silly addNameRange     '0.6.0',
28 silly addNameRange     '0.6.1',
28 silly addNameRange     '0.6.2',
28 silly addNameRange     '0.6.3',
28 silly addNameRange     '0.6.4',
28 silly addNameRange     '0.6.5',
28 silly addNameRange     '0.6.6',
28 silly addNameRange     '0.6.7',
28 silly addNameRange     '0.6.8',
28 silly addNameRange     '0.6.9',
28 silly addNameRange     '0.6.10',
28 silly addNameRange     '0.6.11',
28 silly addNameRange     '0.6.12',
28 silly addNameRange     '0.6.13',
28 silly addNameRange     '0.6.14',
28 silly addNameRange     '0.6.15',
28 silly addNameRange     '0.6.16',
28 silly addNameRange     '0.6.17',
28 silly addNameRange     '0.6.18',
28 silly addNameRange     '0.6.19',
28 silly addNameRange     '0.6.20',
28 silly addNameRange     '0.6.21',
28 silly addNameRange     '0.6.22',
28 silly addNameRange     '0.6.23',
28 silly addNameRange     '0.7.0',
28 silly addNameRange     '0.7.1',
28 silly addNameRange     '0.7.2',
28 silly addNameRange     '0.7.3',
28 silly addNameRange     '0.7.4',
28 silly addNameRange     '0.7.5',
28 silly addNameRange     '0.7.6',
28 silly addNameRange     '0.7.7',
28 silly addNameRange     '0.7.8',
28 silly addNameRange     '0.7.10',
28 silly addNameRange     '0.9.0',
28 silly addNameRange     '0.9.1',
28 silly addNameRange     '0.9.2',
28 silly addNameRange     '0.9.3',
28 silly addNameRange     '0.9.5',
28 silly addNameRange     '0.9.6',
28 silly addNameRange     '0.9.7',
28 silly addNameRange     '0.9.10',
28 silly addNameRange     '0.9.11',
28 silly addNameRange     '0.9.12',
28 silly addNameRange     '0.9.14',
28 silly addNameRange     '0.9.16',
28 silly addNameRange     '0.9.17',
28 silly addNameRange     '1.0.0',
28 silly addNameRange     '1.0.1',
28 silly addNameRange     '1.0.2',
28 silly addNameRange     '1.0.2-rc',
28 silly addNameRange     '0.6.10-a',
28 silly addNameRange     '1.0.2-rc3',
28 silly addNameRange     '1.0.2-rc4',
28 silly addNameRange     '1.0.3',
28 silly addNameRange     '1.0.4',
28 silly addNameRange     '1.0.5',
28 silly addNameRange     '1.0.6',
28 silly addNameRange     '1.0.7',
28 silly addNameRange     '1.0.8',
28 silly addNameRange     '1.0.9',
28 silly addNameRange     '1.0.10',
28 silly addNameRange     '1.0.11',
28 silly addNameRange     '1.0.12',
28 silly addNameRange     '1.0.13',
28 silly addNameRange     '1.0.14',
28 silly addNameRange     '1.0.15',
28 silly addNameRange     '1.0.16',
28 silly addNameRange     '1.0.17-rc1',
28 silly addNameRange     '1.0.17-rc2',
28 silly addNameRange     '1.0.17',
28 silly addNameRange     '1.0.18',
28 silly addNameRange     '1.0.19',
28 silly addNameRange     '1.0.20',
28 silly addNameRange     '1.1.0-alpha',
28 silly addNameRange     '1.1.0',
28 silly addNameRange     '1.1.1',
28 silly addNameRange     '1.2.0',
28 silly addNameRange     '1.2.1',
28 silly addNameRange     '1.3.0-0',
28 silly addNameRange     '1.3.0-1',
28 silly addNameRange     '1.3.0-2',
28 silly addNameRange     '1.3.0-3',
28 silly addNameRange     '1.3.0-4',
28 silly addNameRange     '1.3.0-5',
28 silly addNameRange     '1.3.0-6',
28 silly addNameRange     '1.3.0-7',
28 silly addNameRange     '1.3.0',
28 silly addNameRange     '1.3.1',
28 silly addNameRange     '1.3.2',
28 silly addNameRange     '1.3.3',
28 silly addNameRange     '1.3.5',
28 silly addNameRange     '1.3.6',
28 silly addNameRange     '1.3.7' ] ]
29 verbose addNamed nodemon@1.3.7
30 silly addNamed semver.valid 1.3.7
31 silly addNamed semver.validRange 1.3.7
32 silly cache afterAdd nodemon@1.3.7
33 verbose afterAdd /Users/joanmirallespaez/.npm/nodemon/1.3.7/package/package.json not in flight; writing
34 verbose afterAdd /Users/joanmirallespaez/.npm/nodemon/1.3.7/package/package.json written
35 silly install resolved [ { name: 'nodemon',
35 silly install resolved     homepage: 'http://nodemon.io',
35 silly install resolved     author: { name: 'Remy Sharp', url: 'http://github.com/remy' },
35 silly install resolved     bin: { nodemon: './bin/nodemon.js' },
35 silly install resolved     engines: { node: '>=0.8' },
35 silly install resolved     repository: { type: 'git', url: 'http://github.com/remy/nodemon.git' },
35 silly install resolved     description: 'Simple monitor script for use during development of a node.js app.',
35 silly install resolved     keywords:
35 silly install resolved      [ 'monitor',
35 silly install resolved        'development',
35 silly install resolved        'restart',
35 silly install resolved        'autoload',
35 silly install resolved        'reload',
35 silly install resolved        'terminal' ],
35 silly install resolved     version: '1.3.7',
35 silly install resolved     preferGlobal: 'true',
35 silly install resolved     licenses: [ [Object] ],
35 silly install resolved     main: './lib/nodemon',
35 silly install resolved     scripts:
35 silly install resolved      { coverage: 'istanbul cover _mocha -- --timeout 30000 --ui bdd --reporter list test/**/*.test.js',
35 silly install resolved        ':test': 'mocha --timeout 30000 --ui bdd test/**/*.test.js',
35 silly install resolved        test: 'for FILE in test/**/*.test.js; do echo $FILE; ./node_modules/.bin/mocha --timeout 30000 $FILE; if [ $? -ne 0 ]; then exit 1; fi; sleep 1; done',
35 silly install resolved        web: 'node web' },
35 silly install resolved     devDependencies:
35 silly install resolved      { 'coffee-script': '~1.7.1',
35 silly install resolved        connect: '~2.19.1',
35 silly install resolved        istanbul: '~0.2.10',
35 silly install resolved        mocha: '^2.0.1',
35 silly install resolved        should: '~4.0.0' },
35 silly install resolved     dependencies:
35 silly install resolved      { minimatch: '~0.3.0',
35 silly install resolved        'ps-tree': '~0.0.3',
35 silly install resolved        touch: '~0.0.3',
35 silly install resolved        'update-notifier': '^0.3.0' },
35 silly install resolved     gitHead: 'ceb53ce403f7b5a39ba4c133f73fe780e472209e',
35 silly install resolved     bugs: { url: 'https://github.com/remy/nodemon/issues' },
35 silly install resolved     _id: 'nodemon@1.3.7',
35 silly install resolved     _shasum: '447bc2e01bf499cbf5853f9937496e0a04835449',
35 silly install resolved     _from: 'nodemon@*',
35 silly install resolved     _npmVersion: '1.4.28',
35 silly install resolved     _npmUser: { name: 'remy', email: 'remy@remysharp.com' },
35 silly install resolved     maintainers: [ [Object] ],
35 silly install resolved     dist:
35 silly install resolved      { shasum: '447bc2e01bf499cbf5853f9937496e0a04835449',
35 silly install resolved        tarball: 'http://registry.npmjs.org/nodemon/-/nodemon-1.3.7.tgz' },
35 silly install resolved     directories: {},
35 silly install resolved     _resolved: 'https://registry.npmjs.org/nodemon/-/nodemon-1.3.7.tgz',
35 silly install resolved     readme: 'ERROR: No README data found!' } ]
36 info install nodemon@1.3.7 into /usr/local/lib
37 info installOne nodemon@1.3.7
38 verbose installOne of nodemon to /usr/local/lib not in flight; installing
39 verbose lock using /Users/joanmirallespaez/.npm/_locks/nodemon-49f7ed19e778991e.lock for /usr/local/lib/node_modules/nodemon
40 silly install write writing nodemon 1.3.7 to /usr/local/lib/node_modules/nodemon
41 silly cache addNamed cb nodemon@1.3.7
42 verbose unbuild lib/node_modules/nodemon
43 verbose gentlyRm vacuuming /usr/local/lib/node_modules/nodemon
44 verbose tar unpack /Users/joanmirallespaez/.npm/nodemon/1.3.7/package.tgz
45 verbose tar unpacking to /usr/local/lib/node_modules/nodemon
46 verbose gentlyRm vacuuming /usr/local/lib/node_modules/nodemon
47 silly gunzTarPerm modes [ '755', '644' ]
48 verbose fstream_path /usr/local/lib/node_modules/nodemon
49 verbose fstream_type Directory
50 verbose fstream_class DirWriter
51 verbose stack Error: EACCES, mkdir '/usr/local/lib/node_modules/nodemon'
52 verbose fstream_stack /usr/local/lib/node_modules/npm/node_modules/fstream/lib/dir-writer.js:36:23
52 verbose fstream_stack /usr/local/lib/node_modules/npm/node_modules/mkdirp/index.js:46:53
52 verbose fstream_stack Object.oncomplete (fs.js:107:15)
53 verbose cwd /Users/joanmirallespaez/kingreact/kingReact
54 error Darwin 14.1.0
55 error argv "node" "/usr/local/bin/npm" "install" "-g" "nodemon"
56 error node v0.10.32
57 error npm  v2.1.4
58 error path /usr/local/lib/node_modules/nodemon
59 error code EACCES
60 error errno 3
61 error Error: EACCES, mkdir '/usr/local/lib/node_modules/nodemon'
61 error  { [Error: EACCES, mkdir '/usr/local/lib/node_modules/nodemon']
61 error   errno: 3,
61 error   code: 'EACCES',
61 error   path: '/usr/local/lib/node_modules/nodemon',
61 error   fstream_type: 'Directory',
61 error   fstream_path: '/usr/local/lib/node_modules/nodemon',
61 error   fstream_class: 'DirWriter',
61 error   fstream_stack:
61 error    [ '/usr/local/lib/node_modules/npm/node_modules/fstream/lib/dir-writer.js:36:23',
61 error      '/usr/local/lib/node_modules/npm/node_modules/mkdirp/index.js:46:53',
61 error      'Object.oncomplete (fs.js:107:15)' ] }
62 error Please try running this command again as root/Administrator.
63 verbose exit [ 3, true ]
